Using pre-set license
Built from '2020.3/staging' branch; Version is '2020.3.6f1 (338bb68529b2) revision 3378102'; Using compiler version '192528614'; Build Type 'Release'
OS: 'Windows 10 Pro; OS build 19042.1237; Version 2009; 64bit' Language: 'en' Physical Memory: 16315 MB
BatchMode: 1, IsHumanControllingUs: 0, StartBugReporterOnCrash: 0, Is64bit: 1, IsPro: 0

 COMMAND LINE ARGUMENTS:
C:\Program Files\Unity\Hub\Editor\2020.3.6f1\Editor\Unity.exe
-adb2
-batchMode
-noUpm
-name
AssetImportWorker0
-projectPath
D:/UNI Projects/AI-For-Games Milestones/code/AI For Games Project
-logFile
Logs/AssetImportWorker0.log
-srvPort
65458
Successfully changed project path to: D:/UNI Projects/AI-For-Games Milestones/code/AI For Games Project
D:/UNI Projects/AI-For-Games Milestones/code/AI For Games Project
Using Asset Import Pipeline V2.
Refreshing native plugins compatible for Editor in 62.06 ms, found 0 plugins.
Preloading 0 native plugins for Editor in 0.00 ms.
Initialize engine version: 2020.3.6f1 (338bb68529b2)
[Subsystems] Discovering subsystems at path C:/Program Files/Unity/Hub/Editor/2020.3.6f1/Editor/Data/Resources/UnitySubsystems
[Subsystems] Discovering subsystems at path D:/UNI Projects/AI-For-Games Milestones/code/AI For Games Project/Assets
GfxDevice: creating device client; threaded=0
Direct3D:
    Version:  Direct3D 11.0 [level 11.1]
    Renderer: NVIDIA GeForce GTX 1060 6GB (ID=0x1c03)
    Vendor:   
    VRAM:     6052 MB
    Driver:   30.0.14.7111
Initialize mono
Mono path[0] = 'C:/Program Files/Unity/Hub/Editor/2020.3.6f1/Editor/Data/Managed'
Mono path[1] = 'C:/Program Files/Unity/Hub/Editor/2020.3.6f1/Editor/Data/MonoBleedingEdge/lib/mono/unityjit'
Mono config path = 'C:/Program Files/Unity/Hub/Editor/2020.3.6f1/Editor/Data/MonoBleedingEdge/etc'
Using monoOptions --debugger-agent=transport=dt_socket,embedding=1,server=y,suspend=n,address=127.0.0.1:56808
Begin MonoManager ReloadAssembly
Registering precompiled unity dll's ...
Register platform support module: C:/Program Files/Unity/Hub/Editor/2020.3.6f1/Editor/Data/PlaybackEngines/WindowsStandaloneSupport/UnityEditor.WindowsStandalone.Extensions.dll
Registered in 0.001880 seconds.
Native extension for WindowsStandalone target not found
Refreshing native plugins compatible for Editor in 62.30 ms, found 0 plugins.
Preloading 0 native plugins for Editor in 0.00 ms.
Mono: successfully reloaded assembly
- Completed reload, in  0.909 seconds
Platform modules already initialized, skipping
Registering precompiled user dll's ...
Registered in 0.000885 seconds.
Begin MonoManager ReloadAssembly
Native extension for WindowsStandalone target not found
Refreshing native plugins compatible for Editor in 62.24 ms, found 0 plugins.
Preloading 0 native plugins for Editor in 0.00 ms.
Mono: successfully reloaded assembly
- Completed reload, in  0.946 seconds
Platform modules already initialized, skipping
========================================================================
Worker process is ready to serve import requests
Launched and connected shader compiler UnityShaderCompiler.exe after 0.04 seconds
Refreshing native plugins compatible for Editor in 0.69 ms, found 0 plugins.
Preloading 0 native plugins for Editor in 0.00 ms.
Unloading 3322 Unused Serialized files (Serialized files now loaded: 0)
System memory in use before: 145.9 MB.
System memory in use after: 141.1 MB.

Unloading 81 unused Assets to reduce memory usage. Loaded Objects now: 3700.
Total: 4.729100 ms (FindLiveObjects: 0.346400 ms CreateObjectMapping: 0.081300 ms MarkObjects: 2.008700 ms  DeleteObjects: 2.292000 ms)

========================================================================
Received Import Request.
  path: ProjectSettings/TagManager.asset
  artifactKey: Guid(00000000000000003000000000000000) Importer(815301076,1909f56bfc062723c751e8b465ee728b)
Start importing ProjectSettings/TagManager.asset using Guid(00000000000000003000000000000000) Importer(815301076,1909f56bfc062723c751e8b465ee728b)  -> (artifact id: 'e498ae498c0d40af75f35d2156385786') in 0.032501 seconds
  Import took 0.037745 seconds .

========================================================================
Received Prepare
Registering precompiled user dll's ...
Registered in 0.001281 seconds.
Begin MonoManager ReloadAssembly
Native extension for WindowsStandalone target not found
Refreshing native plugins compatible for Editor in 0.70 ms, found 0 plugins.
Preloading 0 native plugins for Editor in 0.00 ms.
Mono: successfully reloaded assembly
- Completed reload, in  0.837 seconds
Platform modules already initialized, skipping
Refreshing native plugins compatible for Editor in 0.70 ms, found 0 plugins.
Preloading 0 native plugins for Editor in 0.00 ms.
Unloading 3292 Unused Serialized files (Serialized files now loaded: 0)
System memory in use before: 143.5 MB.
System memory in use after: 138.8 MB.

Unloading 77 unused Assets to reduce memory usage. Loaded Objects now: 3703.
Total: 5.120200 ms (FindLiveObjects: 0.374900 ms CreateObjectMapping: 0.081900 ms MarkObjects: 2.054500 ms  DeleteObjects: 2.607600 ms)

========================================================================
Received Prepare
Registering precompiled user dll's ...
Registered in 0.001371 seconds.
Begin MonoManager ReloadAssembly
Native extension for WindowsStandalone target not found
Refreshing native plugins compatible for Editor in 0.71 ms, found 0 plugins.
Preloading 0 native plugins for Editor in 0.00 ms.
Mono: successfully reloaded assembly
- Completed reload, in  0.922 seconds
Platform modules already initialized, skipping
Refreshing native plugins compatible for Editor in 0.76 ms, found 0 plugins.
Preloading 0 native plugins for Editor in 0.00 ms.
Unloading 3292 Unused Serialized files (Serialized files now loaded: 0)
System memory in use before: 143.6 MB.
System memory in use after: 138.8 MB.

Unloading 76 unused Assets to reduce memory usage. Loaded Objects now: 3706.
Total: 5.298600 ms (FindLiveObjects: 0.394900 ms CreateObjectMapping: 0.078600 ms MarkObjects: 1.804800 ms  DeleteObjects: 3.018800 ms)

========================================================================
Received Prepare
Registering precompiled user dll's ...
Registered in 0.001347 seconds.
Begin MonoManager ReloadAssembly
Native extension for WindowsStandalone target not found
Refreshing native plugins compatible for Editor in 0.78 ms, found 0 plugins.
Preloading 0 native plugins for Editor in 0.00 ms.
Mono: successfully reloaded assembly
- Completed reload, in  0.881 seconds
Platform modules already initialized, skipping
Refreshing native plugins compatible for Editor in 0.70 ms, found 0 plugins.
Preloading 0 native plugins for Editor in 0.00 ms.
Unloading 3292 Unused Serialized files (Serialized files now loaded: 0)
System memory in use before: 143.6 MB.
System memory in use after: 138.8 MB.

Unloading 76 unused Assets to reduce memory usage. Loaded Objects now: 3709.
Total: 5.715400 ms (FindLiveObjects: 0.385900 ms CreateObjectMapping: 0.078800 ms MarkObjects: 2.281700 ms  DeleteObjects: 2.967900 ms)

========================================================================
Received Prepare
Registering precompiled user dll's ...
Registered in 0.001386 seconds.
Begin MonoManager ReloadAssembly
Native extension for WindowsStandalone target not found
Refreshing native plugins compatible for Editor in 0.73 ms, found 0 plugins.
Preloading 0 native plugins for Editor in 0.00 ms.
Mono: successfully reloaded assembly
- Completed reload, in  0.840 seconds
Platform modules already initialized, skipping
Refreshing native plugins compatible for Editor in 0.69 ms, found 0 plugins.
Preloading 0 native plugins for Editor in 0.00 ms.
Unloading 3292 Unused Serialized files (Serialized files now loaded: 0)
System memory in use before: 143.6 MB.
System memory in use after: 138.9 MB.

Unloading 76 unused Assets to reduce memory usage. Loaded Objects now: 3712.
Total: 5.621700 ms (FindLiveObjects: 0.428700 ms CreateObjectMapping: 0.079100 ms MarkObjects: 1.986700 ms  DeleteObjects: 3.126100 ms)

========================================================================
Received Prepare
Registering precompiled user dll's ...
Registered in 0.001458 seconds.
Begin MonoManager ReloadAssembly
Native extension for WindowsStandalone target not found
Refreshing native plugins compatible for Editor in 0.70 ms, found 0 plugins.
Preloading 0 native plugins for Editor in 0.00 ms.
Mono: successfully reloaded assembly
- Completed reload, in  0.865 seconds
Platform modules already initialized, skipping
Refreshing native plugins compatible for Editor in 0.70 ms, found 0 plugins.
Preloading 0 native plugins for Editor in 0.00 ms.
Unloading 3292 Unused Serialized files (Serialized files now loaded: 0)
System memory in use before: 143.6 MB.
System memory in use after: 138.9 MB.

Unloading 76 unused Assets to reduce memory usage. Loaded Objects now: 3715.
Total: 5.584000 ms (FindLiveObjects: 0.310900 ms CreateObjectMapping: 0.077700 ms MarkObjects: 2.066900 ms  DeleteObjects: 3.127400 ms)

========================================================================
Received Prepare
Registering precompiled user dll's ...
Registered in 0.001301 seconds.
Begin MonoManager ReloadAssembly
Native extension for WindowsStandalone target not found
Refreshing native plugins compatible for Editor in 0.77 ms, found 0 plugins.
Preloading 0 native plugins for Editor in 0.00 ms.
Mono: successfully reloaded assembly
- Completed reload, in  0.947 seconds
Platform modules already initialized, skipping
Refreshing native plugins compatible for Editor in 0.71 ms, found 0 plugins.
Preloading 0 native plugins for Editor in 0.00 ms.
Unloading 3292 Unused Serialized files (Serialized files now loaded: 0)
System memory in use before: 143.6 MB.
System memory in use after: 138.9 MB.

Unloading 76 unused Assets to reduce memory usage. Loaded Objects now: 3718.
Total: 5.278000 ms (FindLiveObjects: 0.331600 ms CreateObjectMapping: 0.079400 ms MarkObjects: 1.791900 ms  DeleteObjects: 3.074100 ms)

========================================================================
Received Prepare
Registering precompiled user dll's ...
Registered in 0.001326 seconds.
Begin MonoManager ReloadAssembly
Native extension for WindowsStandalone target not found
Refreshing native plugins compatible for Editor in 0.71 ms, found 0 plugins.
Preloading 0 native plugins for Editor in 0.00 ms.
Mono: successfully reloaded assembly
- Completed reload, in  0.835 seconds
Platform modules already initialized, skipping
Refreshing native plugins compatible for Editor in 0.70 ms, found 0 plugins.
Preloading 0 native plugins for Editor in 0.00 ms.
Unloading 3292 Unused Serialized files (Serialized files now loaded: 0)
System memory in use before: 143.6 MB.
System memory in use after: 138.9 MB.

Unloading 76 unused Assets to reduce memory usage. Loaded Objects now: 3721.
Total: 5.295900 ms (FindLiveObjects: 0.333600 ms CreateObjectMapping: 0.078800 ms MarkObjects: 1.818600 ms  DeleteObjects: 3.063900 ms)

========================================================================
Received Prepare
Registering precompiled user dll's ...
Registered in 0.001792 seconds.
Begin MonoManager ReloadAssembly
Native extension for WindowsStandalone target not found
Refreshing native plugins compatible for Editor in 0.74 ms, found 0 plugins.
Preloading 0 native plugins for Editor in 0.00 ms.
Mono: successfully reloaded assembly
- Completed reload, in  0.905 seconds
Platform modules already initialized, skipping
Refreshing native plugins compatible for Editor in 0.77 ms, found 0 plugins.
Preloading 0 native plugins for Editor in 0.00 ms.
Unloading 3292 Unused Serialized files (Serialized files now loaded: 0)
System memory in use before: 143.6 MB.
System memory in use after: 138.9 MB.

Unloading 76 unused Assets to reduce memory usage. Loaded Objects now: 3724.
Total: 6.873500 ms (FindLiveObjects: 0.417700 ms CreateObjectMapping: 0.086400 ms MarkObjects: 2.407900 ms  DeleteObjects: 3.959800 ms)

========================================================================
Received Prepare
Registering precompiled user dll's ...
Registered in 0.001343 seconds.
Begin MonoManager ReloadAssembly
Native extension for WindowsStandalone target not found
Refreshing native plugins compatible for Editor in 0.71 ms, found 0 plugins.
Preloading 0 native plugins for Editor in 0.00 ms.
Mono: successfully reloaded assembly
- Completed reload, in  0.820 seconds
Platform modules already initialized, skipping
Refreshing native plugins compatible for Editor in 0.69 ms, found 0 plugins.
Preloading 0 native plugins for Editor in 0.00 ms.
Unloading 3292 Unused Serialized files (Serialized files now loaded: 0)
System memory in use before: 143.6 MB.
System memory in use after: 138.9 MB.

Unloading 76 unused Assets to reduce memory usage. Loaded Objects now: 3727.
Total: 5.396900 ms (FindLiveObjects: 0.396600 ms CreateObjectMapping: 0.078100 ms MarkObjects: 1.817900 ms  DeleteObjects: 3.103100 ms)

========================================================================
Received Prepare
Registering precompiled user dll's ...
Registered in 0.001239 seconds.
Begin MonoManager ReloadAssembly
Native extension for WindowsStandalone target not found
Refreshing native plugins compatible for Editor in 0.76 ms, found 0 plugins.
Preloading 0 native plugins for Editor in 0.00 ms.
Mono: successfully reloaded assembly
- Completed reload, in  0.861 seconds
Platform modules already initialized, skipping
Refreshing native plugins compatible for Editor in 0.75 ms, found 0 plugins.
Preloading 0 native plugins for Editor in 0.00 ms.
Unloading 3292 Unused Serialized files (Serialized files now loaded: 0)
System memory in use before: 143.6 MB.
System memory in use after: 138.9 MB.

Unloading 76 unused Assets to reduce memory usage. Loaded Objects now: 3730.
Total: 5.845400 ms (FindLiveObjects: 0.434100 ms CreateObjectMapping: 0.090400 ms MarkObjects: 1.883600 ms  DeleteObjects: 3.436200 ms)

========================================================================
Received Prepare
Registering precompiled user dll's ...
Registered in 0.001293 seconds.
Begin MonoManager ReloadAssembly
Native extension for WindowsStandalone target not found
Refreshing native plugins compatible for Editor in 0.86 ms, found 0 plugins.
Preloading 0 native plugins for Editor in 0.00 ms.
Mono: successfully reloaded assembly
- Completed reload, in  0.914 seconds
Platform modules already initialized, skipping
Refreshing native plugins compatible for Editor in 0.75 ms, found 0 plugins.
Preloading 0 native plugins for Editor in 0.00 ms.
Unloading 3292 Unused Serialized files (Serialized files now loaded: 0)
System memory in use before: 143.7 MB.
System memory in use after: 138.9 MB.

Unloading 76 unused Assets to reduce memory usage. Loaded Objects now: 3733.
Total: 6.333700 ms (FindLiveObjects: 0.399000 ms CreateObjectMapping: 0.078500 ms MarkObjects: 2.339800 ms  DeleteObjects: 3.514700 ms)

========================================================================
Received Prepare
Registering precompiled user dll's ...
Registered in 0.001289 seconds.
Begin MonoManager ReloadAssembly
Native extension for WindowsStandalone target not found
Refreshing native plugins compatible for Editor in 0.70 ms, found 0 plugins.
Preloading 0 native plugins for Editor in 0.00 ms.
Mono: successfully reloaded assembly
- Completed reload, in  0.812 seconds
Platform modules already initialized, skipping
Refreshing native plugins compatible for Editor in 0.72 ms, found 0 plugins.
Preloading 0 native plugins for Editor in 0.00 ms.
Unloading 3292 Unused Serialized files (Serialized files now loaded: 0)
System memory in use before: 143.7 MB.
System memory in use after: 138.9 MB.

Unloading 76 unused Assets to reduce memory usage. Loaded Objects now: 3736.
Total: 6.441300 ms (FindLiveObjects: 0.428300 ms CreateObjectMapping: 0.079700 ms MarkObjects: 2.449800 ms  DeleteObjects: 3.481700 ms)

========================================================================
Received Prepare
Registering precompiled user dll's ...
Registered in 0.001349 seconds.
Begin MonoManager ReloadAssembly
Native extension for WindowsStandalone target not found
Refreshing native plugins compatible for Editor in 1.11 ms, found 0 plugins.
Preloading 0 native plugins for Editor in 0.00 ms.
Mono: successfully reloaded assembly
- Completed reload, in  0.827 seconds
Platform modules already initialized, skipping
Refreshing native plugins compatible for Editor in 0.71 ms, found 0 plugins.
Preloading 0 native plugins for Editor in 0.00 ms.
Unloading 3292 Unused Serialized files (Serialized files now loaded: 0)
System memory in use before: 143.7 MB.
System memory in use after: 138.9 MB.

Unloading 76 unused Assets to reduce memory usage. Loaded Objects now: 3739.
Total: 5.461700 ms (FindLiveObjects: 0.376600 ms CreateObjectMapping: 0.082100 ms MarkObjects: 1.842000 ms  DeleteObjects: 3.159700 ms)

========================================================================
Received Prepare
Registering precompiled user dll's ...
Registered in 0.001536 seconds.
Begin MonoManager ReloadAssembly
Native extension for WindowsStandalone target not found
Refreshing native plugins compatible for Editor in 0.72 ms, found 0 plugins.
Preloading 0 native plugins for Editor in 0.00 ms.
Mono: successfully reloaded assembly
- Completed reload, in  0.835 seconds
Platform modules already initialized, skipping
Refreshing native plugins compatible for Editor in 0.71 ms, found 0 plugins.
Preloading 0 native plugins for Editor in 0.00 ms.
Unloading 3292 Unused Serialized files (Serialized files now loaded: 0)
System memory in use before: 143.7 MB.
System memory in use after: 138.9 MB.

Unloading 76 unused Assets to reduce memory usage. Loaded Objects now: 3742.
Total: 5.738700 ms (FindLiveObjects: 0.343500 ms CreateObjectMapping: 0.079700 ms MarkObjects: 1.879800 ms  DeleteObjects: 3.434500 ms)

========================================================================
Received Prepare
Registering precompiled user dll's ...
Registered in 0.001318 seconds.
Begin MonoManager ReloadAssembly
Native extension for WindowsStandalone target not found
Refreshing native plugins compatible for Editor in 0.68 ms, found 0 plugins.
Preloading 0 native plugins for Editor in 0.00 ms.
Mono: successfully reloaded assembly
- Completed reload, in  0.852 seconds
Platform modules already initialized, skipping
Refreshing native plugins compatible for Editor in 0.77 ms, found 0 plugins.
Preloading 0 native plugins for Editor in 0.00 ms.
Unloading 3292 Unused Serialized files (Serialized files now loaded: 0)
System memory in use before: 143.7 MB.
System memory in use after: 138.9 MB.

Unloading 76 unused Assets to reduce memory usage. Loaded Objects now: 3745.
Total: 5.866300 ms (FindLiveObjects: 0.510900 ms CreateObjectMapping: 0.081500 ms MarkObjects: 2.289400 ms  DeleteObjects: 2.983200 ms)

========================================================================
Received Prepare
Registering precompiled user dll's ...
Registered in 0.001119 seconds.
Begin MonoManager ReloadAssembly
Native extension for WindowsStandalone target not found
Refreshing native plugins compatible for Editor in 0.71 ms, found 0 plugins.
Preloading 0 native plugins for Editor in 0.00 ms.
Mono: successfully reloaded assembly
- Completed reload, in  0.840 seconds
Platform modules already initialized, skipping
Refreshing native plugins compatible for Editor in 0.73 ms, found 0 plugins.
Preloading 0 native plugins for Editor in 0.00 ms.
Unloading 3292 Unused Serialized files (Serialized files now loaded: 0)
System memory in use before: 143.7 MB.
System memory in use after: 138.9 MB.

Unloading 76 unused Assets to reduce memory usage. Loaded Objects now: 3748.
Total: 5.346300 ms (FindLiveObjects: 0.388700 ms CreateObjectMapping: 0.083600 ms MarkObjects: 1.856100 ms  DeleteObjects: 3.017000 ms)

========================================================================
Received Prepare
Registering precompiled user dll's ...
Registered in 0.001284 seconds.
Begin MonoManager ReloadAssembly
Native extension for WindowsStandalone target not found
Refreshing native plugins compatible for Editor in 0.70 ms, found 0 plugins.
Preloading 0 native plugins for Editor in 0.00 ms.
Mono: successfully reloaded assembly
- Completed reload, in  0.832 seconds
Platform modules already initialized, skipping
Refreshing native plugins compatible for Editor in 0.69 ms, found 0 plugins.
Preloading 0 native plugins for Editor in 0.00 ms.
Unloading 3292 Unused Serialized files (Serialized files now loaded: 0)
System memory in use before: 143.7 MB.
System memory in use after: 138.9 MB.

Unloading 76 unused Assets to reduce memory usage. Loaded Objects now: 3751.
Total: 5.547600 ms (FindLiveObjects: 0.327400 ms CreateObjectMapping: 0.082400 ms MarkObjects: 1.856700 ms  DeleteObjects: 3.280000 ms)

========================================================================
Received Prepare
Registering precompiled user dll's ...
Registered in 0.001320 seconds.
Begin MonoManager ReloadAssembly
Native extension for WindowsStandalone target not found
Refreshing native plugins compatible for Editor in 0.72 ms, found 0 plugins.
Preloading 0 native plugins for Editor in 0.00 ms.
Mono: successfully reloaded assembly
- Completed reload, in  0.834 seconds
Platform modules already initialized, skipping
Refreshing native plugins compatible for Editor in 0.71 ms, found 0 plugins.
Preloading 0 native plugins for Editor in 0.00 ms.
Unloading 3292 Unused Serialized files (Serialized files now loaded: 0)
System memory in use before: 143.7 MB.
System memory in use after: 138.9 MB.

Unloading 76 unused Assets to reduce memory usage. Loaded Objects now: 3754.
Total: 5.551500 ms (FindLiveObjects: 0.338600 ms CreateObjectMapping: 0.078000 ms MarkObjects: 2.104300 ms  DeleteObjects: 3.029700 ms)

========================================================================
Received Prepare
Registering precompiled user dll's ...
Registered in 0.001203 seconds.
Begin MonoManager ReloadAssembly
Native extension for WindowsStandalone target not found
Refreshing native plugins compatible for Editor in 1.18 ms, found 0 plugins.
Preloading 0 native plugins for Editor in 0.00 ms.
Mono: successfully reloaded assembly
- Completed reload, in  0.930 seconds
Platform modules already initialized, skipping
Refreshing native plugins compatible for Editor in 0.80 ms, found 0 plugins.
Preloading 0 native plugins for Editor in 0.00 ms.
Unloading 3292 Unused Serialized files (Serialized files now loaded: 0)
System memory in use before: 143.7 MB.
System memory in use after: 139.0 MB.

Unloading 76 unused Assets to reduce memory usage. Loaded Objects now: 3757.
Total: 6.532200 ms (FindLiveObjects: 0.421600 ms CreateObjectMapping: 0.081100 ms MarkObjects: 2.568300 ms  DeleteObjects: 3.459600 ms)

